<?xml version="1.0" encoding="UTF-8"?>
<coverage generated="1718756479343" clover="3.2.0">
  <project timestamp="1718756479344" name="All files">
    <metrics statements="17" coveredstatements="16" conditionals="22" coveredconditionals="20" methods="4" coveredmethods="4" elements="43" coveredelements="40" complexity="0" loc="17" ncloc="17" packages="1" files="1" classes="1"/>
    <file name="remix-invariant.ts" path="E:\Pelife\remix-invariant\src\remix-invariant.ts">
      <metrics statements="17" coveredstatements="16" conditionals="22" coveredconditionals="20" methods="4" coveredmethods="4"/>
      <line num="4" count="10" type="cond" truecount="1" falsecount="1"/>
      <line num="5" count="0" type="stmt"/>
      <line num="8" count="10" type="cond" truecount="2" falsecount="0"/>
      <line num="9" count="3" type="stmt"/>
      <line num="12" count="7" type="stmt"/>
      <line num="36" count="19" type="cond" truecount="2" falsecount="0"/>
      <line num="37" count="9" type="stmt"/>
      <line num="40" count="10" type="cond" truecount="2" falsecount="0"/>
      <line num="41" count="10" type="cond" truecount="2" falsecount="0"/>
      <line num="44" count="10" type="cond" truecount="2" falsecount="0"/>
      <line num="47" count="10" type="stmt"/>
      <line num="62" count="3" type="cond" truecount="2" falsecount="0"/>
      <line num="63" count="1" type="stmt"/>
      <line num="66" count="2" type="stmt"/>
      <line num="80" count="3" type="cond" truecount="2" falsecount="0"/>
      <line num="81" count="1" type="stmt"/>
      <line num="84" count="2" type="stmt"/>
    </file>
  </project>
</coverage>
