<?xml version="1.0" encoding="UTF-8"?>
<coverage generated="1718754585563" clover="3.2.0">
  <project timestamp="1718754585563" name="All files">
    <metrics statements="11" coveredstatements="10" conditionals="16" coveredconditionals="14" methods="2" coveredmethods="2" elements="29" coveredelements="26" complexity="0" loc="11" ncloc="11" packages="1" files="1" classes="1"/>
    <file name="remix-invariant.ts" path="E:\Pelife\remix-invariant\src\remix-invariant.ts">
      <metrics statements="11" coveredstatements="10" conditionals="16" coveredconditionals="14" methods="2" coveredmethods="2"/>
      <line num="4" count="10" type="cond" truecount="1" falsecount="1"/>
      <line num="5" count="0" type="stmt"/>
      <line num="8" count="10" type="cond" truecount="2" falsecount="0"/>
      <line num="9" count="3" type="stmt"/>
      <line num="12" count="7" type="stmt"/>
      <line num="36" count="19" type="cond" truecount="2" falsecount="0"/>
      <line num="37" count="9" type="stmt"/>
      <line num="40" count="10" type="cond" truecount="2" falsecount="0"/>
      <line num="41" count="10" type="cond" truecount="2" falsecount="0"/>
      <line num="44" count="10" type="cond" truecount="2" falsecount="0"/>
      <line num="47" count="10" type="stmt"/>
    </file>
  </project>
</coverage>
