{"E:\\Pelife\\remix-invariant\\src\\remix-invariant.ts": {"path":"E:\\Pelife\\remix-invariant\\src\\remix-invariant.ts","statementMap":{"0":{"start":{"line":4,"column":2},"end":{"line":6,"column":3}},"1":{"start":{"line":5,"column":4},"end":{"line":5,"column":30}},"2":{"start":{"line":8,"column":2},"end":{"line":10,"column":3}},"3":{"start":{"line":9,"column":4},"end":{"line":9,"column":21}},"4":{"start":{"line":12,"column":2},"end":{"line":12,"column":17}},"5":{"start":{"line":36,"column":2},"end":{"line":38,"column":3}},"6":{"start":{"line":37,"column":4},"end":{"line":37,"column":11}},"7":{"start":{"line":40,"column":17},"end":{"line":40,"column":49}},"8":{"start":{"line":41,"column":18},"end":{"line":41,"column":51}},"9":{"start":{"line":44,"column":4},"end":{"line":46,"column":26}},"10":{"start":{"line":47,"column":2},"end":{"line":54,"column":4}}},"fnMap":{"0":{"name":"getMessage","decl":{"start":{"line":3,"column":9},"end":{"line":3,"column":19}},"loc":{"start":{"line":3,"column":55},"end":{"line":13,"column":1}},"line":3},"1":{"name":"invariant","decl":{"start":{"line":30,"column":16},"end":{"line":30,"column":25}},"loc":{"start":{"line":35,"column":2},"end":{"line":55,"column":1}},"line":35}},"branchMap":{"0":{"loc":{"start":{"line":4,"column":2},"end":{"line":6,"column":3}},"type":"if","locations":[{"start":{"line":4,"column":2},"end":{"line":6,"column":3}},{"start":{},"end":{}}],"line":4},"1":{"loc":{"start":{"line":8,"column":2},"end":{"line":10,"column":3}},"type":"if","locations":[{"start":{"line":8,"column":2},"end":{"line":10,"column":3}},{"start":{},"end":{}}],"line":8},"2":{"loc":{"start":{"line":36,"column":2},"end":{"line":38,"column":3}},"type":"if","locations":[{"start":{"line":36,"column":2},"end":{"line":38,"column":3}},{"start":{},"end":{}}],"line":36},"3":{"loc":{"start":{"line":40,"column":17},"end":{"line":40,"column":49}},"type":"binary-expr","locations":[{"start":{"line":40,"column":17},"end":{"line":40,"column":27}},{"start":{"line":40,"column":31},"end":{"line":40,"column":49}}],"line":40},"4":{"loc":{"start":{"line":41,"column":18},"end":{"line":41,"column":51}},"type":"binary-expr","locations":[{"start":{"line":41,"column":18},"end":{"line":41,"column":29}},{"start":{"line":41,"column":33},"end":{"line":41,"column":51}}],"line":41},"5":{"loc":{"start":{"line":44,"column":4},"end":{"line":46,"column":26}},"type":"cond-expr","locations":[{"start":{"line":45,"column":8},"end":{"line":45,"column":27}},{"start":{"line":46,"column":8},"end":{"line":46,"column":26}}],"line":44},"6":{"loc":{"start":{"line":49,"column":15},"end":{"line":49,"column":40}},"type":"binary-expr","locations":[{"start":{"line":49,"column":15},"end":{"line":49,"column":18}},{"start":{"line":49,"column":22},"end":{"line":49,"column":40}}],"line":49},"7":{"loc":{"start":{"line":52,"column":14},"end":{"line":52,"column":27}},"type":"binary-expr","locations":[{"start":{"line":52,"column":14},"end":{"line":52,"column":20}},{"start":{"line":52,"column":24},"end":{"line":52,"column":27}}],"line":52}},"s":{"0":10,"1":0,"2":10,"3":3,"4":7,"5":19,"6":9,"7":10,"8":10,"9":10,"10":10},"f":{"0":10,"1":19},"b":{"0":[0,10],"1":[3,7],"2":[9,10],"3":[10,3],"4":[10,5],"5":[1,9],"6":[10,0],"7":[10,1]},"_coverageSchema":"1a1c01bbd47fc00a2c39e90264f33305004495a9","hash":"58d9e85d39aced10c4c873de6b439004e50c6e01"}
}
