{"E:\\Pelife\\remix-invariant\\src\\remix-invariant.ts": {"path":"E:\\Pelife\\remix-invariant\\src\\remix-invariant.ts","all":false,"statementMap":{"0":{"start":{"line":1,"column":0},"end":{"line":1,"column":37}},"1":{"start":{"line":2,"column":0},"end":{"line":2,"column":0}},"2":{"start":{"line":3,"column":0},"end":{"line":3,"column":89}},"3":{"start":{"line":4,"column":0},"end":{"line":4,"column":17}},"4":{"start":{"line":5,"column":0},"end":{"line":5,"column":29}},"5":{"start":{"line":6,"column":0},"end":{"line":6,"column":3}},"6":{"start":{"line":7,"column":0},"end":{"line":7,"column":0}},"7":{"start":{"line":8,"column":0},"end":{"line":8,"column":38}},"8":{"start":{"line":9,"column":0},"end":{"line":9,"column":25}},"9":{"start":{"line":10,"column":0},"end":{"line":10,"column":3}},"10":{"start":{"line":11,"column":0},"end":{"line":11,"column":0}},"11":{"start":{"line":12,"column":0},"end":{"line":12,"column":16}},"12":{"start":{"line":13,"column":0},"end":{"line":13,"column":1}},"13":{"start":{"line":14,"column":0},"end":{"line":14,"column":0}},"14":{"start":{"line":15,"column":0},"end":{"line":15,"column":56}},"15":{"start":{"line":16,"column":0},"end":{"line":16,"column":17}},"16":{"start":{"line":17,"column":0},"end":{"line":17,"column":29}},"17":{"start":{"line":18,"column":0},"end":{"line":18,"column":3}},"18":{"start":{"line":19,"column":0},"end":{"line":19,"column":0}},"19":{"start":{"line":20,"column":0},"end":{"line":20,"column":38}},"20":{"start":{"line":21,"column":0},"end":{"line":21,"column":20}},"21":{"start":{"line":22,"column":0},"end":{"line":22,"column":3}},"22":{"start":{"line":23,"column":0},"end":{"line":23,"column":0}},"23":{"start":{"line":24,"column":0},"end":{"line":24,"column":16}},"24":{"start":{"line":25,"column":0},"end":{"line":25,"column":1}},"25":{"start":{"line":26,"column":0},"end":{"line":26,"column":0}},"26":{"start":{"line":27,"column":0},"end":{"line":27,"column":30}},"27":{"start":{"line":28,"column":0},"end":{"line":28,"column":17}},"28":{"start":{"line":29,"column":0},"end":{"line":29,"column":18}},"29":{"start":{"line":30,"column":0},"end":{"line":30,"column":15}},"30":{"start":{"line":31,"column":0},"end":{"line":31,"column":0}},"31":{"start":{"line":32,"column":0},"end":{"line":32,"column":30}},"32":{"start":{"line":33,"column":0},"end":{"line":33,"column":17}},"33":{"start":{"line":34,"column":0},"end":{"line":34,"column":18}},"34":{"start":{"line":35,"column":0},"end":{"line":35,"column":39}},"35":{"start":{"line":36,"column":0},"end":{"line":36,"column":15}},"36":{"start":{"line":37,"column":0},"end":{"line":37,"column":0}},"37":{"start":{"line":38,"column":0},"end":{"line":38,"column":30}},"38":{"start":{"line":39,"column":0},"end":{"line":39,"column":17}},"39":{"start":{"line":40,"column":0},"end":{"line":40,"column":18}},"40":{"start":{"line":41,"column":0},"end":{"line":41,"column":39}},"41":{"start":{"line":42,"column":0},"end":{"line":42,"column":40}},"42":{"start":{"line":43,"column":0},"end":{"line":43,"column":15}},"43":{"start":{"line":44,"column":0},"end":{"line":44,"column":0}},"44":{"start":{"line":45,"column":0},"end":{"line":45,"column":30}},"45":{"start":{"line":46,"column":0},"end":{"line":46,"column":17}},"46":{"start":{"line":47,"column":0},"end":{"line":47,"column":18}},"47":{"start":{"line":48,"column":0},"end":{"line":48,"column":39}},"48":{"start":{"line":49,"column":0},"end":{"line":49,"column":40}},"49":{"start":{"line":50,"column":0},"end":{"line":50,"column":3}},"50":{"start":{"line":51,"column":0},"end":{"line":51,"column":18}},"51":{"start":{"line":52,"column":0},"end":{"line":52,"column":10}},"52":{"start":{"line":53,"column":0},"end":{"line":53,"column":3}},"53":{"start":{"line":54,"column":0},"end":{"line":54,"column":0}},"54":{"start":{"line":55,"column":0},"end":{"line":55,"column":0}},"55":{"start":{"line":56,"column":0},"end":{"line":56,"column":49}},"56":{"start":{"line":57,"column":0},"end":{"line":57,"column":51}},"57":{"start":{"line":58,"column":0},"end":{"line":58,"column":0}},"58":{"start":{"line":59,"column":0},"end":{"line":59,"column":94}},"59":{"start":{"line":60,"column":0},"end":{"line":60,"column":14}},"60":{"start":{"line":61,"column":0},"end":{"line":61,"column":38}},"61":{"start":{"line":62,"column":0},"end":{"line":62,"column":6}},"62":{"start":{"line":63,"column":0},"end":{"line":63,"column":25}},"63":{"start":{"line":64,"column":0},"end":{"line":64,"column":4}},"64":{"start":{"line":65,"column":0},"end":{"line":65,"column":1}},"65":{"start":{"line":66,"column":0},"end":{"line":66,"column":0}},"66":{"start":{"line":67,"column":0},"end":{"line":67,"column":31}},"67":{"start":{"line":68,"column":0},"end":{"line":68,"column":26}},"68":{"start":{"line":69,"column":0},"end":{"line":69,"column":18}},"69":{"start":{"line":70,"column":0},"end":{"line":70,"column":24}},"70":{"start":{"line":71,"column":0},"end":{"line":71,"column":0}},"71":{"start":{"line":72,"column":0},"end":{"line":72,"column":31}},"72":{"start":{"line":73,"column":0},"end":{"line":73,"column":26}},"73":{"start":{"line":74,"column":0},"end":{"line":74,"column":18}},"74":{"start":{"line":75,"column":0},"end":{"line":75,"column":39}},"75":{"start":{"line":76,"column":0},"end":{"line":76,"column":24}},"76":{"start":{"line":77,"column":0},"end":{"line":77,"column":0}},"77":{"start":{"line":78,"column":0},"end":{"line":78,"column":31}},"78":{"start":{"line":79,"column":0},"end":{"line":79,"column":26}},"79":{"start":{"line":80,"column":0},"end":{"line":80,"column":18}},"80":{"start":{"line":81,"column":0},"end":{"line":81,"column":39}},"81":{"start":{"line":82,"column":0},"end":{"line":82,"column":40}},"82":{"start":{"line":83,"column":0},"end":{"line":83,"column":24}},"83":{"start":{"line":84,"column":0},"end":{"line":84,"column":0}},"84":{"start":{"line":85,"column":0},"end":{"line":85,"column":37}},"85":{"start":{"line":86,"column":0},"end":{"line":86,"column":26}},"86":{"start":{"line":87,"column":0},"end":{"line":87,"column":18}},"87":{"start":{"line":88,"column":0},"end":{"line":88,"column":48}},"88":{"start":{"line":89,"column":0},"end":{"line":89,"column":40}},"89":{"start":{"line":90,"column":0},"end":{"line":90,"column":3}},"90":{"start":{"line":91,"column":0},"end":{"line":91,"column":30}},"91":{"start":{"line":92,"column":0},"end":{"line":92,"column":0}},"92":{"start":{"line":93,"column":0},"end":{"line":93,"column":7}},"93":{"start":{"line":94,"column":0},"end":{"line":94,"column":34}},"94":{"start":{"line":95,"column":0},"end":{"line":95,"column":17}},"95":{"start":{"line":96,"column":0},"end":{"line":96,"column":12}},"96":{"start":{"line":97,"column":0},"end":{"line":97,"column":5}},"97":{"start":{"line":98,"column":0},"end":{"line":98,"column":15}},"98":{"start":{"line":99,"column":0},"end":{"line":99,"column":22}},"99":{"start":{"line":100,"column":0},"end":{"line":100,"column":3}},"100":{"start":{"line":101,"column":0},"end":{"line":101,"column":0}},"101":{"start":{"line":102,"column":0},"end":{"line":102,"column":49}},"102":{"start":{"line":103,"column":0},"end":{"line":103,"column":51}},"103":{"start":{"line":104,"column":0},"end":{"line":104,"column":0}},"104":{"start":{"line":105,"column":0},"end":{"line":105,"column":126}},"105":{"start":{"line":106,"column":0},"end":{"line":106,"column":14}},"106":{"start":{"line":107,"column":0},"end":{"line":107,"column":38}},"107":{"start":{"line":108,"column":0},"end":{"line":108,"column":6}},"108":{"start":{"line":109,"column":0},"end":{"line":109,"column":25}},"109":{"start":{"line":110,"column":0},"end":{"line":110,"column":4}},"110":{"start":{"line":111,"column":0},"end":{"line":111,"column":1}}},"s":{"0":1,"1":1,"2":2,"3":2,"4":0,"5":0,"6":2,"7":2,"8":1,"9":1,"10":1,"11":1,"12":1,"13":1,"14":2,"15":2,"16":0,"17":0,"18":2,"19":2,"20":1,"21":1,"22":1,"23":1,"24":1,"25":1,"26":1,"27":1,"28":1,"29":1,"30":1,"31":1,"32":1,"33":1,"34":1,"35":1,"36":1,"37":1,"38":1,"39":1,"40":1,"41":1,"42":1,"43":1,"44":1,"45":2,"46":2,"47":2,"48":2,"49":2,"50":2,"51":0,"52":0,"53":2,"54":2,"55":2,"56":2,"57":2,"58":2,"59":2,"60":2,"61":2,"62":2,"63":2,"64":2,"65":1,"66":1,"67":1,"68":1,"69":1,"70":1,"71":1,"72":1,"73":1,"74":1,"75":1,"76":1,"77":1,"78":1,"79":1,"80":1,"81":1,"82":1,"83":1,"84":1,"85":2,"86":2,"87":2,"88":2,"89":2,"90":2,"91":2,"92":2,"93":2,"94":2,"95":0,"96":0,"97":2,"98":0,"99":0,"100":2,"101":2,"102":2,"103":2,"104":2,"105":2,"106":2,"107":2,"108":2,"109":2,"110":2},"branchMap":{"0":{"type":"branch","line":3,"loc":{"start":{"line":3,"column":0},"end":{"line":13,"column":1}},"locations":[{"start":{"line":3,"column":0},"end":{"line":13,"column":1}}]},"1":{"type":"branch","line":4,"loc":{"start":{"line":4,"column":16},"end":{"line":6,"column":3}},"locations":[{"start":{"line":4,"column":16},"end":{"line":6,"column":3}}]},"2":{"type":"branch","line":8,"loc":{"start":{"line":8,"column":37},"end":{"line":13,"column":1}},"locations":[{"start":{"line":8,"column":37},"end":{"line":13,"column":1}}]},"3":{"type":"branch","line":15,"loc":{"start":{"line":15,"column":0},"end":{"line":25,"column":1}},"locations":[{"start":{"line":15,"column":0},"end":{"line":25,"column":1}}]},"4":{"type":"branch","line":16,"loc":{"start":{"line":16,"column":16},"end":{"line":18,"column":3}},"locations":[{"start":{"line":16,"column":16},"end":{"line":18,"column":3}}]},"5":{"type":"branch","line":20,"loc":{"start":{"line":20,"column":37},"end":{"line":25,"column":1}},"locations":[{"start":{"line":20,"column":37},"end":{"line":25,"column":1}}]},"6":{"type":"branch","line":45,"loc":{"start":{"line":45,"column":7},"end":{"line":65,"column":1}},"locations":[{"start":{"line":45,"column":7},"end":{"line":65,"column":1}}]},"7":{"type":"branch","line":51,"loc":{"start":{"line":51,"column":17},"end":{"line":53,"column":3}},"locations":[{"start":{"line":51,"column":17},"end":{"line":53,"column":3}}]},"8":{"type":"branch","line":56,"loc":{"start":{"line":56,"column":27},"end":{"line":56,"column":49}},"locations":[{"start":{"line":56,"column":27},"end":{"line":56,"column":49}}]},"9":{"type":"branch","line":57,"loc":{"start":{"line":57,"column":29},"end":{"line":57,"column":51}},"locations":[{"start":{"line":57,"column":29},"end":{"line":57,"column":51}}]},"10":{"type":"branch","line":59,"loc":{"start":{"line":59,"column":73},"end":{"line":59,"column":94}},"locations":[{"start":{"line":59,"column":73},"end":{"line":59,"column":94}}]},"11":{"type":"branch","line":61,"loc":{"start":{"line":61,"column":16},"end":{"line":61,"column":38}},"locations":[{"start":{"line":61,"column":16},"end":{"line":61,"column":38}}]},"12":{"type":"branch","line":63,"loc":{"start":{"line":63,"column":18},"end":{"line":63,"column":25}},"locations":[{"start":{"line":63,"column":18},"end":{"line":63,"column":25}}]},"13":{"type":"branch","line":85,"loc":{"start":{"line":85,"column":7},"end":{"line":111,"column":1}},"locations":[{"start":{"line":85,"column":7},"end":{"line":111,"column":1}}]},"14":{"type":"branch","line":95,"loc":{"start":{"line":95,"column":16},"end":{"line":97,"column":5}},"locations":[{"start":{"line":95,"column":16},"end":{"line":97,"column":5}}]},"15":{"type":"branch","line":98,"loc":{"start":{"line":98,"column":4},"end":{"line":100,"column":3}},"locations":[{"start":{"line":98,"column":4},"end":{"line":100,"column":3}}]},"16":{"type":"branch","line":102,"loc":{"start":{"line":102,"column":27},"end":{"line":102,"column":49}},"locations":[{"start":{"line":102,"column":27},"end":{"line":102,"column":49}}]},"17":{"type":"branch","line":103,"loc":{"start":{"line":103,"column":29},"end":{"line":103,"column":51}},"locations":[{"start":{"line":103,"column":29},"end":{"line":103,"column":51}}]},"18":{"type":"branch","line":105,"loc":{"start":{"line":105,"column":89},"end":{"line":105,"column":126}},"locations":[{"start":{"line":105,"column":89},"end":{"line":105,"column":126}}]},"19":{"type":"branch","line":107,"loc":{"start":{"line":107,"column":16},"end":{"line":107,"column":38}},"locations":[{"start":{"line":107,"column":16},"end":{"line":107,"column":38}}]},"20":{"type":"branch","line":109,"loc":{"start":{"line":109,"column":18},"end":{"line":109,"column":25}},"locations":[{"start":{"line":109,"column":18},"end":{"line":109,"column":25}}]}},"b":{"0":[2],"1":[0],"2":[1],"3":[2],"4":[0],"5":[1],"6":[2],"7":[0],"8":[0],"9":[0],"10":[0],"11":[0],"12":[0],"13":[2],"14":[0],"15":[0],"16":[0],"17":[0],"18":[0],"19":[0],"20":[0]},"fnMap":{"0":{"name":"getMessageWithError","decl":{"start":{"line":3,"column":0},"end":{"line":13,"column":1}},"loc":{"start":{"line":3,"column":0},"end":{"line":13,"column":1}},"line":3},"1":{"name":"getMessage","decl":{"start":{"line":15,"column":0},"end":{"line":25,"column":1}},"loc":{"start":{"line":15,"column":0},"end":{"line":25,"column":1}},"line":15},"2":{"name":"jsonInvariant","decl":{"start":{"line":45,"column":7},"end":{"line":65,"column":1}},"loc":{"start":{"line":45,"column":7},"end":{"line":65,"column":1}},"line":45},"3":{"name":"asyncInvariant","decl":{"start":{"line":85,"column":7},"end":{"line":111,"column":1}},"loc":{"start":{"line":85,"column":7},"end":{"line":111,"column":1}},"line":85}},"f":{"0":2,"1":2,"2":2,"3":2}}
}
