TN:
SF:src\remix-invariant.ts
FN:3,getMessageWithError
FN:15,getMessage
FN:45,jsonInvariant
FN:85,asyncInvariant
FNF:4
FNH:4
FNDA:2,getMessageWithError
FNDA:2,getMessage
FNDA:2,jsonInvariant
FNDA:2,asyncInvariant
DA:1,1
DA:2,1
DA:3,2
DA:4,2
DA:5,0
DA:6,0
DA:7,2
DA:8,2
DA:9,1
DA:10,1
DA:11,1
DA:12,1
DA:13,1
DA:14,1
DA:15,2
DA:16,2
DA:17,0
DA:18,0
DA:19,2
DA:20,2
DA:21,1
DA:22,1
DA:23,1
DA:24,1
DA:25,1
DA:26,1
DA:27,1
DA:28,1
DA:29,1
DA:30,1
DA:31,1
DA:32,1
DA:33,1
DA:34,1
DA:35,1
DA:36,1
DA:37,1
DA:38,1
DA:39,1
DA:40,1
DA:41,1
DA:42,1
DA:43,1
DA:44,1
DA:45,1
DA:46,2
DA:47,2
DA:48,2
DA:49,2
DA:50,2
DA:51,2
DA:52,0
DA:53,0
DA:54,2
DA:55,2
DA:56,2
DA:57,2
DA:58,2
DA:59,2
DA:60,2
DA:61,2
DA:62,2
DA:63,2
DA:64,2
DA:65,2
DA:66,1
DA:67,1
DA:68,1
DA:69,1
DA:70,1
DA:71,1
DA:72,1
DA:73,1
DA:74,1
DA:75,1
DA:76,1
DA:77,1
DA:78,1
DA:79,1
DA:80,1
DA:81,1
DA:82,1
DA:83,1
DA:84,1
DA:85,1
DA:86,2
DA:87,2
DA:88,2
DA:89,2
DA:90,2
DA:91,2
DA:92,2
DA:93,2
DA:94,2
DA:95,2
DA:96,0
DA:97,0
DA:98,2
DA:99,0
DA:100,0
DA:101,2
DA:102,2
DA:103,2
DA:104,2
DA:105,2
DA:106,2
DA:107,2
DA:108,2
DA:109,2
DA:110,2
DA:111,2
LF:111
LH:101
BRDA:3,0,0,2
BRDA:4,1,0,0
BRDA:8,2,0,1
BRDA:15,3,0,2
BRDA:16,4,0,0
BRDA:20,5,0,1
BRDA:45,6,0,2
BRDA:51,7,0,0
BRDA:56,8,0,0
BRDA:57,9,0,0
BRDA:59,10,0,0
BRDA:61,11,0,0
BRDA:63,12,0,0
BRDA:85,13,0,2
BRDA:95,14,0,0
BRDA:98,15,0,0
BRDA:102,16,0,0
BRDA:103,17,0,0
BRDA:105,18,0,0
BRDA:107,19,0,0
BRDA:109,20,0,0
BRF:21
BRH:6
end_of_record
