TN:
SF:src\remix-invariant.ts
FN:3,getMessage
FN:30,invariant
FN:57,simpleInvariant
FN:76,customInvariant
FNF:4
FNH:4
FNDA:10,getMessage
FNDA:19,invariant
FNDA:3,simpleInvariant
FNDA:3,customInvariant
DA:4,10
DA:5,0
DA:8,10
DA:9,3
DA:12,7
DA:36,19
DA:37,9
DA:40,10
DA:41,10
DA:44,10
DA:47,10
DA:62,3
DA:63,1
DA:66,2
DA:80,3
DA:81,1
DA:84,2
LF:17
LH:16
BRDA:4,0,0,0
BRDA:4,0,1,10
BRDA:8,1,0,3
BRDA:8,1,1,7
BRDA:36,2,0,9
BRDA:36,2,1,10
BRDA:40,3,0,10
BRDA:40,3,1,3
BRDA:41,4,0,10
BRDA:41,4,1,5
BRDA:44,5,0,1
BRDA:44,5,1,9
BRDA:49,6,0,10
BRDA:49,6,1,0
BRDA:52,7,0,10
BRDA:52,7,1,1
BRDA:62,8,0,1
BRDA:62,8,1,2
BRDA:71,9,0,2
BRDA:71,9,1,1
BRDA:80,10,0,1
BRDA:80,10,1,2
BRF:22
BRH:20
end_of_record
